Using pre-set license
Built from '2022.3/staging' branch; Version is '2022.3.22f1 (887be4894c44) revision 8944612'; Using compiler version '192829333'; Build Type 'Release'
OS: 'Windows 10  (10.0.19045) 64bit Core' Language: 'en' Physical Memory: 7986 MB
BatchMode: 1, IsHumanControllingUs: 0, StartBugReporterOnCrash: 0, Is64bit: 1, IsPro: 1

COMMAND LINE ARGUMENTS:
C:\Program Files\Unity\Hub\Editor\2022.3.22f1\Editor\Unity.exe
-adb2
-batchMode
-noUpm
-name
AssetImportWorker0
-projectPath
C:/Users/shext/Downloads/Interactive_Systems/Introduction to Scripting Part 1
-logFile
Logs/AssetImportWorker0.log
-srvPort
53862
Successfully changed project path to: C:/Users/shext/Downloads/Interactive_Systems/Introduction to Scripting Part 1
C:/Users/shext/Downloads/Interactive_Systems/Introduction to Scripting Part 1
[UnityMemory] Configuration Parameters - Can be set up in boot.config
    "memorysetup-bucket-allocator-granularity=16"
    "memorysetup-bucket-allocator-bucket-count=8"
    "memorysetup-bucket-allocator-block-size=33554432"
    "memorysetup-bucket-allocator-block-count=8"
    "memorysetup-main-allocator-block-size=16777216"
    "memorysetup-thread-allocator-block-size=16777216"
    "memorysetup-gfx-main-allocator-block-size=16777216"
    "memorysetup-gfx-thread-allocator-block-size=16777216"
    "memorysetup-cache-allocator-block-size=4194304"
    "memorysetup-typetree-allocator-block-size=2097152"
    "memorysetup-profiler-bucket-allocator-granularity=16"
    "memorysetup-profiler-bucket-allocator-bucket-count=8"
    "memorysetup-profiler-bucket-allocator-block-size=33554432"
    "memorysetup-profiler-bucket-allocator-block-count=8"
    "memorysetup-profiler-allocator-block-size=16777216"
    "memorysetup-profiler-editor-allocator-block-size=1048576"
    "memorysetup-temp-allocator-size-main=16777216"
    "memorysetup-job-temp-allocator-block-size=2097152"
    "memorysetup-job-temp-allocator-block-size-background=1048576"
    "memorysetup-job-temp-allocator-reduction-small-platforms=262144"
    "memorysetup-allocator-temp-initial-block-size-main=262144"
    "memorysetup-allocator-temp-initial-block-size-worker=262144"
    "memorysetup-temp-allocator-size-background-worker=32768"
    "memorysetup-temp-allocator-size-job-worker=262144"
    "memorysetup-temp-allocator-size-preload-manager=33554432"
    "memorysetup-temp-allocator-size-nav-mesh-worker=65536"
    "memorysetup-temp-allocator-size-audio-worker=65536"
    "memorysetup-temp-allocator-size-cloud-worker=32768"
    "memorysetup-temp-allocator-size-gi-baking-worker=262144"
    "memorysetup-temp-allocator-size-gfx=262144"
Player connection [9672] Host "[IP] 192.168.1.245 [Port] 0 [Flags] 2 [Guid] 3066438869 [EditorId] 3066438869 [Version] 1048832 [Id] WindowsEditor(7,DESKTOP-B5QOMID) [Debug] 1 [PackageName] WindowsEditor [ProjectName] Editor" joined multi-casting on [225.0.0.222:54997]...

Player connection [9672] Host "[IP] 192.168.1.245 [Port] 0 [Flags] 2 [Guid] 3066438869 [EditorId] 3066438869 [Version] 1048832 [Id] WindowsEditor(7,DESKTOP-B5QOMID) [Debug] 1 [PackageName] WindowsEditor [ProjectName] Editor" joined alternative multi-casting on [225.0.0.222:34997]...

[Physics::Module] Initialized MultithreadedJobDispatcher with 3 workers.
Refreshing native plugins compatible for Editor in 44.53 ms, found 2 plugins.
Preloading 0 native plugins for Editor in 0.00 ms.
Initialize engine version: 2022.3.22f1 (887be4894c44)
[Subsystems] Discovering subsystems at path C:/Program Files/Unity/Hub/Editor/2022.3.22f1/Editor/Data/Resources/UnitySubsystems
[Subsystems] Discovering subsystems at path C:/Users/shext/Downloads/Interactive_Systems/Introduction to Scripting Part 1/Assets
GfxDevice: creating device client; threaded=0; jobified=0
Direct3D:
    Version:  Direct3D 11.0 [level 11.0]
    Renderer: NVIDIA GeForce 940M (ID=0x1347)
    Vendor:   NVIDIA
    VRAM:     2010 MB
    Driver:   23.21.13.9135
Initialize mono
Mono path[0] = 'C:/Program Files/Unity/Hub/Editor/2022.3.22f1/Editor/Data/Managed'
Mono path[1] = 'C:/Program Files/Unity/Hub/Editor/2022.3.22f1/Editor/Data/MonoBleedingEdge/lib/mono/unityjit-win32'
Mono config path = 'C:/Program Files/Unity/Hub/Editor/2022.3.22f1/Editor/Data/MonoBleedingEdge/etc'
Using monoOptions --debugger-agent=transport=dt_socket,embedding=1,server=y,suspend=n,address=127.0.0.1:56748
Begin MonoManager ReloadAssembly
Registering precompiled unity dll's ...
Register platform support module: C:/Program Files/Unity/Hub/Editor/2022.3.22f1/Editor/Data/PlaybackEngines/WindowsStandaloneSupport/UnityEditor.WindowsStandalone.Extensions.dll
Registered in 0.029792 seconds.
- Loaded All Assemblies, in  1.075 seconds
Native extension for WindowsStandalone target not found
Mono: successfully reloaded assembly
- Finished resetting the current domain, in  0.710 seconds
Domain Reload Profiling: 1779ms
	BeginReloadAssembly (343ms)
		ExecutionOrderSort (0ms)
		DisableScriptedObjects (0ms)
		BackupInstance (0ms)
		ReleaseScriptingObjects (0ms)
		CreateAndSetChildDomain (2ms)
	RebuildCommonClasses (123ms)
	RebuildNativeTypeToScriptingClass (37ms)
	initialDomainReloadingComplete (169ms)
	LoadAllAssembliesAndSetupDomain (397ms)
		LoadAssemblies (336ms)
		RebuildTransferFunctionScriptingTraits (0ms)
		AnalyzeDomain (392ms)
			TypeCache.Refresh (389ms)
				TypeCache.ScanAssembly (353ms)
			ScanForSourceGeneratedMonoScriptInfo (1ms)
			ResolveRequiredComponents (1ms)
	FinalizeReload (711ms)
		ReleaseScriptCaches (0ms)
		RebuildScriptCaches (0ms)
		SetupLoadedEditorAssemblies (555ms)
			LogAssemblyErrors (0ms)
			InitializePlatformSupportModulesInManaged (27ms)
			SetLoadedEditorAssemblies (18ms)
			RefreshPlugins (0ms)
			BeforeProcessingInitializeOnLoad (6ms)
			ProcessInitializeOnLoadAttributes (376ms)
			ProcessInitializeOnLoadMethodAttributes (128ms)
			AfterProcessingInitializeOnLoad (0ms)
			EditorAssembliesLoaded (0ms)
		ExecutionOrderSort2 (0ms)
		AwakeInstancesAfterBackupRestoration (0ms)
========================================================================
Worker process is ready to serve import requests
Begin MonoManager ReloadAssembly
- Loaded All Assemblies, in  1.289 seconds
Refreshing native plugins compatible for Editor in 5.22 ms, found 2 plugins.
Native extension for WindowsStandalone target not found
Package Manager log level set to [2]
[Package Manager] Server::EnsureServerProcessIsRunning -- launch failed, reason: Unity was launched with the -noUpm command-line argument
[Package Manager] UpmClient::Send -- Unable to send message (not connected to UPM process).
[Package Manager] Cannot connect to Unity Package Manager local server
Mono: successfully reloaded assembly
- Finished resetting the current domain, in  3.741 seconds
Domain Reload Profiling: 5024ms
	BeginReloadAssembly (393ms)
		ExecutionOrderSort (0ms)
		DisableScriptedObjects (14ms)
		BackupInstance (0ms)
		ReleaseScriptingObjects (0ms)
		CreateAndSetChildDomain (49ms)
	RebuildCommonClasses (106ms)
	RebuildNativeTypeToScriptingClass (34ms)
	initialDomainReloadingComplete (107ms)
	LoadAllAssembliesAndSetupDomain (642ms)
		LoadAssemblies (627ms)
		RebuildTransferFunctionScriptingTraits (0ms)
		AnalyzeDomain (252ms)
			TypeCache.Refresh (206ms)
				TypeCache.ScanAssembly (177ms)
			ScanForSourceGeneratedMonoScriptInfo (37ms)
			ResolveRequiredComponents (8ms)
	FinalizeReload (3742ms)
		ReleaseScriptCaches (0ms)
		RebuildScriptCaches (0ms)
		SetupLoadedEditorAssemblies (3324ms)
			LogAssemblyErrors (0ms)
			InitializePlatformSupportModulesInManaged (19ms)
			SetLoadedEditorAssemblies (7ms)
			RefreshPlugins (0ms)
			BeforeProcessingInitializeOnLoad (127ms)
			ProcessInitializeOnLoadAttributes (2725ms)
			ProcessInitializeOnLoadMethodAttributes (143ms)
			AfterProcessingInitializeOnLoad (303ms)
			EditorAssembliesLoaded (0ms)
		ExecutionOrderSort2 (0ms)
		AwakeInstancesAfterBackupRestoration (20ms)
Launched and connected shader compiler UnityShaderCompiler.exe after 0.19 seconds
Refreshing native plugins compatible for Editor in 14.66 ms, found 2 plugins.
Preloading 0 native plugins for Editor in 0.00 ms.
Unloading 1431 Unused Serialized files (Serialized files now loaded: 0)
Unloading 22 unused Assets / (53.8 KB). Loaded Objects now: 1898.
Memory consumption went from 82.6 MB to 82.6 MB.
Total: 29.207700 ms (FindLiveObjects: 2.693900 ms CreateObjectMapping: 1.681500 ms MarkObjects: 24.669000 ms  DeleteObjects: 0.161100 ms)

AssetImportParameters requested are different than current active one (requested -> active):
  custom:video-encoder-webm-vp8: eb34c28f22e8b96e1ab97ce403110664 -> 
  custom:video-decoder-webm-vp8: 9c59270c3fd7afecdb556c50c9e8de78 -> 
  custom:audio-decoder-ogg-vorbis: bf7c407c2cedff20999df2af8eb42d56 -> 
  custom:SearchIndexIgnoredProperties: e643bd26f0fe6173181afceb89e7c659 -> 
  custom:container-demuxer-ogg: 62fdf1f143b41e24485cea50d1cbac27 -> 
  custom:AudioImporter_EditorPlatform: d09bf68614088b80899f8185d706f6e7 -> 
  custom:CustomObjectIndexerAttribute: 9a22284fe3817be447336de3de66b15e -> 
  custom:container-demuxer-webm: 4f35f7cbe854078d1ac9338744f61a02 -> 
  custom:video-codec-MediaFoundation-h265: 746d11721c4dcdbdad8f713fa42b33f4 -> 
  custom:video-decoder-ogg-theora: a1e56fd34408186e4bbccfd4996cb3dc -> 
  custom:audio-encoder-webm-vorbis: bf7c407c2cedff20999df2af8eb42d56 -> 
  custom:framework-win-MediaFoundation: 216162199b28c13a410421893ffa2e32 -> 
  custom:container-muxer-webm: aa71ff27fc2769a1b78a27578f13a17b -> 
========================================================================
Received Import Request.
  Time since last request: 89622.955494 seconds.
  path: Assets/RW/Prefabs/Game UI.prefab
  artifactKey: Guid(726881a9b8c21e74dbb2d4b473c6d16d) Importer(2089858483,0ecaa5967403d082aa24f35e1b516d23)
Start importing Assets/RW/Prefabs/Game UI.prefab using Guid(726881a9b8c21e74dbb2d4b473c6d16d) Importer(2089858483,0ecaa5967403d082aa24f35e1b516d23)  -> (artifact id: '06f1b423ade57ef59b740a39788e7a43') in 0.450204 seconds
Number of updated asset objects reloaded before import = 0
Number of asset objects unloaded after import = 47
========================================================================
Received Import Request.
  Time since last request: 0.000043 seconds.
  path: Assets/RW/Scripts/SheepSpawner.cs
  artifactKey: Guid(2a1cefe6d43c44f7789e0483fc4ea794) Importer(2089858483,0ecaa5967403d082aa24f35e1b516d23)
Start importing Assets/RW/Scripts/SheepSpawner.cs using Guid(2a1cefe6d43c44f7789e0483fc4ea794) Importer(2089858483,0ecaa5967403d082aa24f35e1b516d23)  -> (artifact id: '9c6ac8dbfb87041ca98b902ded3429e5') in 0.050089 seconds
Number of updated asset objects reloaded before import = 0
Number of asset objects unloaded after import = 1
========================================================================
Received Import Request.
  Time since last request: 0.000025 seconds.
  path: Assets/RW/Prefabs/Hay Machine Models/Hay Machine Yellow.prefab
  artifactKey: Guid(28d1a170d9eea59478aa66152b57f446) Importer(2089858483,0ecaa5967403d082aa24f35e1b516d23)
Start importing Assets/RW/Prefabs/Hay Machine Models/Hay Machine Yellow.prefab using Guid(28d1a170d9eea59478aa66152b57f446) Importer(2089858483,0ecaa5967403d082aa24f35e1b516d23)  -> (artifact id: '97504a7bafc151d7690696def61ed2ec') in 0.066832 seconds
Number of updated asset objects reloaded before import = 0
Number of asset objects unloaded after import = 7
========================================================================
Received Import Request.
  Time since last request: 0.000027 seconds.
  path: Assets/RW/Sprites/Sprites.png
  artifactKey: Guid(facfe732c6a2e9841b725dda303d05b0) Importer(2089858483,0ecaa5967403d082aa24f35e1b516d23)
Start importing Assets/RW/Sprites/Sprites.png using Guid(facfe732c6a2e9841b725dda303d05b0) Importer(2089858483,0ecaa5967403d082aa24f35e1b516d23)  -> (artifact id: '58d6486a268ae8ebdae11de3de379128') in 0.155591 seconds
Number of updated asset objects reloaded before import = 0
Number of asset objects unloaded after import = 4
========================================================================
Received Import Request.
  Time since last request: 0.000033 seconds.
  path: Assets/RW/Models/Windmill.fbx
  artifactKey: Guid(58f6635e07a7ff840b21ff4932c0914d) Importer(2089858483,0ecaa5967403d082aa24f35e1b516d23)
Start importing Assets/RW/Models/Windmill.fbx using Guid(58f6635e07a7ff840b21ff4932c0914d) Importer(2089858483,0ecaa5967403d082aa24f35e1b516d23)  -> (artifact id: '9b0f8b7197d6d0a74ec7d78ef6998feb') in 0.100436 seconds
Number of updated asset objects reloaded before import = 0
Number of asset objects unloaded after import = 12
========================================================================
Received Import Request.
  Time since last request: 0.000034 seconds.
  path: Assets/RW/Scripts/DestroyTimer.cs
  artifactKey: Guid(ee37b5590e9f5495795defc011353872) Importer(2089858483,0ecaa5967403d082aa24f35e1b516d23)
Start importing Assets/RW/Scripts/DestroyTimer.cs using Guid(ee37b5590e9f5495795defc011353872) Importer(2089858483,0ecaa5967403d082aa24f35e1b516d23)  -> (artifact id: '2085882a18ede947d1e66df36856d659') in 0.042197 seconds
Number of updated asset objects reloaded before import = 0
Number of asset objects unloaded after import = 1
========================================================================
Received Import Request.
  Time since last request: 0.000026 seconds.
  path: Assets/RW/Prefabs/Hay Machine Models/Hay Machine Red.prefab
  artifactKey: Guid(5162234e78cffba45b0498c4775c0be7) Importer(2089858483,0ecaa5967403d082aa24f35e1b516d23)
Start importing Assets/RW/Prefabs/Hay Machine Models/Hay Machine Red.prefab using Guid(5162234e78cffba45b0498c4775c0be7) Importer(2089858483,0ecaa5967403d082aa24f35e1b516d23)  -> (artifact id: '302676cfa8df633355a98b662dbf0785') in 0.042601 seconds
Number of updated asset objects reloaded before import = 0
Number of asset objects unloaded after import = 7
========================================================================
Received Import Request.
  Time since last request: 0.000026 seconds.
  path: Assets/RW/Models/Sheep.fbx
  artifactKey: Guid(fee0f50f91e9d7d4a84a85232e663d4a) Importer(2089858483,0ecaa5967403d082aa24f35e1b516d23)
Start importing Assets/RW/Models/Sheep.fbx using Guid(fee0f50f91e9d7d4a84a85232e663d4a) Importer(2089858483,0ecaa5967403d082aa24f35e1b516d23)  -> (artifact id: '045d113451b102fecee941e048696a4d') in 0.057598 seconds
Number of updated asset objects reloaded before import = 0
Number of asset objects unloaded after import = 7
========================================================================
Received Import Request.
  Time since last request: 0.000049 seconds.
  path: Assets/RW/Sounds/Shoot.wav
  artifactKey: Guid(afd9aad0b8c4b1141856b4808d8ea172) Importer(2089858483,0ecaa5967403d082aa24f35e1b516d23)
Start importing Assets/RW/Sounds/Shoot.wav using Guid(afd9aad0b8c4b1141856b4808d8ea172) Importer(2089858483,0ecaa5967403d082aa24f35e1b516d23)  -> (artifact id: 'bd3b4e34922865c0244505cb92110205') in 0.094142 seconds
Number of updated asset objects reloaded before import = 0
Number of asset objects unloaded after import = 1
========================================================================
Received Import Request.
  Time since last request: 0.000034 seconds.
  path: Assets/RW/Scripts/Shared/HayMachineSwitcher.cs
  artifactKey: Guid(26dd9086d5fa24ad691383a969a5c207) Importer(2089858483,0ecaa5967403d082aa24f35e1b516d23)
Start importing Assets/RW/Scripts/Shared/HayMachineSwitcher.cs using Guid(26dd9086d5fa24ad691383a969a5c207) Importer(2089858483,0ecaa5967403d082aa24f35e1b516d23)  -> (artifact id: '52f9302cfcdacc0fada612c5ec06daf1') in 0.031370 seconds
Number of updated asset objects reloaded before import = 0
Number of asset objects unloaded after import = 1
========================================================================
Received Import Request.
  Time since last request: 0.000046 seconds.
  path: Assets/RW/Scripts/Move.cs
  artifactKey: Guid(23681b33a73d54e1eb64440590862a7d) Importer(2089858483,0ecaa5967403d082aa24f35e1b516d23)
Start importing Assets/RW/Scripts/Move.cs using Guid(23681b33a73d54e1eb64440590862a7d) Importer(2089858483,0ecaa5967403d082aa24f35e1b516d23)  -> (artifact id: 'a64ad0c9841762c338ff16b274320943') in 0.027445 seconds
Number of updated asset objects reloaded before import = 0
Number of asset objects unloaded after import = 1
========================================================================
Received Import Request.
  Time since last request: 0.000026 seconds.
  path: Assets/RW/Scenes/Title.unity
  artifactKey: Guid(54f7faf678be11946b167b94af6da5b7) Importer(2089858483,0ecaa5967403d082aa24f35e1b516d23)
Start importing Assets/RW/Scenes/Title.unity using Guid(54f7faf678be11946b167b94af6da5b7) Importer(2089858483,0ecaa5967403d082aa24f35e1b516d23)  -> (artifact id: '6ea9f373e1cf9a8ebe8101c20b391aac') in 0.028800 seconds
Number of updated asset objects reloaded before import = 0
Number of asset objects unloaded after import = 1
========================================================================
Received Import Request.
  Time since last request: 0.000024 seconds.
  path: Assets/RW/Scenes/Game.unity
  artifactKey: Guid(c7d17eeaad25ad645b5a59c641b15767) Importer(2089858483,0ecaa5967403d082aa24f35e1b516d23)
Start importing Assets/RW/Scenes/Game.unity using Guid(c7d17eeaad25ad645b5a59c641b15767) Importer(2089858483,0ecaa5967403d082aa24f35e1b516d23)  -> (artifact id: 'a61486ab6e41984ee378493a3a49c2c3') in 0.030417 seconds
Number of updated asset objects reloaded before import = 0
Number of asset objects unloaded after import = 1
========================================================================
Received Import Request.
  Time since last request: 0.000024 seconds.
  path: Assets/RW/Textures/MaterialColors.png
  artifactKey: Guid(d4fdd9f191161b547bd649248a289040) Importer(2089858483,0ecaa5967403d082aa24f35e1b516d23)
Start importing Assets/RW/Textures/MaterialColors.png using Guid(d4fdd9f191161b547bd649248a289040) Importer(2089858483,0ecaa5967403d082aa24f35e1b516d23)  -> (artifact id: '21196a483c615a8f6529b799d17b1ad1') in 0.051026 seconds
Number of updated asset objects reloaded before import = 0
Number of asset objects unloaded after import = 1
========================================================================
Received Import Request.
  Time since last request: 0.000083 seconds.
  path: Assets/RW/Scripts/HayMove.cs
  artifactKey: Guid(020f4e3a55ccb44a7987bc700114d105) Importer(2089858483,0ecaa5967403d082aa24f35e1b516d23)
Start importing Assets/RW/Scripts/HayMove.cs using Guid(020f4e3a55ccb44a7987bc700114d105) Importer(2089858483,0ecaa5967403d082aa24f35e1b516d23)  -> (artifact id: '5d95530334d0eee5df120d39297425a8') in 0.033439 seconds
Number of updated asset objects reloaded before import = 0
Number of asset objects unloaded after import = 1
========================================================================
Received Import Request.
  Time since last request: 0.000025 seconds.
  path: Assets/RW/Models/Smoke Puff.fbx
  artifactKey: Guid(9125c5d57dfe5ed4f80bb53446f72bde) Importer(2089858483,0ecaa5967403d082aa24f35e1b516d23)
Start importing Assets/RW/Models/Smoke Puff.fbx using Guid(9125c5d57dfe5ed4f80bb53446f72bde) Importer(2089858483,0ecaa5967403d082aa24f35e1b516d23)  -> (artifact id: '431b810ca20b55504324dceb087a9ab0') in 0.042626 seconds
Number of updated asset objects reloaded before import = 0
Number of asset objects unloaded after import = 7
========================================================================
Received Import Request.
  Time since last request: 0.000028 seconds.
  path: Assets/RW/Prefabs/Hay Machine.prefab
  artifactKey: Guid(c91d458c12526534eb19d65378204353) Importer(2089858483,0ecaa5967403d082aa24f35e1b516d23)
Start importing Assets/RW/Prefabs/Hay Machine.prefab using Guid(c91d458c12526534eb19d65378204353) Importer(2089858483,0ecaa5967403d082aa24f35e1b516d23)  -> (artifact id: 'b29d14ce3f41b47473ef246064bdffe8') in 0.026778 seconds
Number of updated asset objects reloaded before import = 0
Number of asset objects unloaded after import = 22
========================================================================
Received Import Request.
  Time since last request: 0.000033 seconds.
  path: Assets/RW/Scripts/HayDestroyer.cs
  artifactKey: Guid(b28443970e1324ddb861da43138fe4f8) Importer(2089858483,0ecaa5967403d082aa24f35e1b516d23)
Start importing Assets/RW/Scripts/HayDestroyer.cs using Guid(b28443970e1324ddb861da43138fe4f8) Importer(2089858483,0ecaa5967403d082aa24f35e1b516d23)  -> (artifact id: '6d210b64825adbf7c00000d7dc79565f') in 0.017614 seconds
Number of updated asset objects reloaded before import = 0
Number of asset objects unloaded after import = 1
========================================================================
Received Import Request.
  Time since last request: 0.000025 seconds.
  path: Assets/RW/Prefabs/Scenery/Windmill.prefab
  artifactKey: Guid(ff9c52423c3a7be49af987edf422bcff) Importer(2089858483,0ecaa5967403d082aa24f35e1b516d23)
Start importing Assets/RW/Prefabs/Scenery/Windmill.prefab using Guid(ff9c52423c3a7be49af987edf422bcff) Importer(2089858483,0ecaa5967403d082aa24f35e1b516d23)  -> (artifact id: '63552f984b9c513c199ea7a16a3973c7') in 0.020568 seconds
Number of updated asset objects reloaded before import = 0
Number of asset objects unloaded after import = 15
========================================================================
Received Import Request.
  Time since last request: 0.000026 seconds.
  path: Assets/RW/Models/Title.fbx
  artifactKey: Guid(4d9b273f136282f4eb3f22a0aed5267d) Importer(2089858483,0ecaa5967403d082aa24f35e1b516d23)
Start importing Assets/RW/Models/Title.fbx using Guid(4d9b273f136282f4eb3f22a0aed5267d) Importer(2089858483,0ecaa5967403d082aa24f35e1b516d23)  -> (artifact id: '54e5603deb8a15580f515c97bb95d58c') in 0.032387 seconds
Number of updated asset objects reloaded before import = 0
Number of asset objects unloaded after import = 7
========================================================================
Received Import Request.
  Time since last request: 0.000026 seconds.
  path: Assets/RW/Prefabs/Hay Machine Models/Hay Machine Blue.prefab
  artifactKey: Guid(5c5170d876533ae43bc2e4b15c8e6f6e) Importer(2089858483,0ecaa5967403d082aa24f35e1b516d23)
Start importing Assets/RW/Prefabs/Hay Machine Models/Hay Machine Blue.prefab using Guid(5c5170d876533ae43bc2e4b15c8e6f6e) Importer(2089858483,0ecaa5967403d082aa24f35e1b516d23)  -> (artifact id: 'cfe7b83ca5dda4f1e13ed650b8040de8') in 0.030390 seconds
Number of updated asset objects reloaded before import = 0
Number of asset objects unloaded after import = 7
========================================================================
Received Import Request.
  Time since last request: 0.000029 seconds.
  path: Assets/RW/Prefabs/Heart.prefab
  artifactKey: Guid(df34df17ebea249acbd7245bf8df2c17) Importer(2089858483,0ecaa5967403d082aa24f35e1b516d23)
Start importing Assets/RW/Prefabs/Heart.prefab using Guid(df34df17ebea249acbd7245bf8df2c17) Importer(2089858483,0ecaa5967403d082aa24f35e1b516d23)  -> (artifact id: '7253d0d6f16ad9e65af8fc06ee4036f7') in 0.034465 seconds
Number of updated asset objects reloaded before import = 0
Number of asset objects unloaded after import = 13
========================================================================
Received Import Request.
  Time since last request: 0.000027 seconds.
  path: Assets/RW/Prefabs/Sheep.prefab
  artifactKey: Guid(d72f1b1fa52fd47ee8bd0b9a98edd232) Importer(2089858483,0ecaa5967403d082aa24f35e1b516d23)
Start importing Assets/RW/Prefabs/Sheep.prefab using Guid(d72f1b1fa52fd47ee8bd0b9a98edd232) Importer(2089858483,0ecaa5967403d082aa24f35e1b516d23)  -> (artifact id: 'a12258233fd9c95516fee4dd6e1a6daa') in 0.033689 seconds
Number of updated asset objects reloaded before import = 0
Number of asset objects unloaded after import = 22
========================================================================
Received Import Request.
  Time since last request: 0.000021 seconds.
  path: Assets/RW/Models/Hay Bale.fbx
  artifactKey: Guid(af7e099ccf40c8046b7d720e9d8df558) Importer(2089858483,0ecaa5967403d082aa24f35e1b516d23)
Start importing Assets/RW/Models/Hay Bale.fbx using Guid(af7e099ccf40c8046b7d720e9d8df558) Importer(2089858483,0ecaa5967403d082aa24f35e1b516d23)  -> (artifact id: '7bc5152f27e8b228fb170c839cbcb1f1') in 0.032484 seconds
Number of updated asset objects reloaded before import = 0
Number of asset objects unloaded after import = 7
========================================================================
Received Import Request.
  Time since last request: 0.000024 seconds.
  path: Assets/RW/Prefabs/Hay Bale.prefab
  artifactKey: Guid(caaf01cdd050f44d78b043478b22c87d) Importer(2089858483,0ecaa5967403d082aa24f35e1b516d23)
Start importing Assets/RW/Prefabs/Hay Bale.prefab using Guid(caaf01cdd050f44d78b043478b22c87d) Importer(2089858483,0ecaa5967403d082aa24f35e1b516d23)  -> (artifact id: '7f243107613d6283382c1844997e2fba') in 0.041049 seconds
Number of updated asset objects reloaded before import = 0
Number of asset objects unloaded after import = 11
========================================================================
Received Import Request.
  Time since last request: 0.000024 seconds.
  path: Assets/RW/Models/Quit Button.fbx
  artifactKey: Guid(0760bf54179f6744c97628b3f618554d) Importer(2089858483,0ecaa5967403d082aa24f35e1b516d23)
Start importing Assets/RW/Models/Quit Button.fbx using Guid(0760bf54179f6744c97628b3f618554d) Importer(2089858483,0ecaa5967403d082aa24f35e1b516d23)  -> (artifact id: '282d812cf5b9b0c0108bd87d5d3c2d44') in 0.034719 seconds
Number of updated asset objects reloaded before import = 0
Number of asset objects unloaded after import = 7
========================================================================
Received Import Request.
  Time since last request: 0.000035 seconds.
  path: Assets/RW/Sounds/SheepHit.wav
  artifactKey: Guid(e97ab3d76ee31794ba31802a0f2a719e) Importer(2089858483,0ecaa5967403d082aa24f35e1b516d23)
Start importing Assets/RW/Sounds/SheepHit.wav using Guid(e97ab3d76ee31794ba31802a0f2a719e) Importer(2089858483,0ecaa5967403d082aa24f35e1b516d23)  -> (artifact id: '44af756b9668dfb24408d035bb75a5d4') in 0.084241 seconds
Number of updated asset objects reloaded before import = 0
Number of asset objects unloaded after import = 1
========================================================================
Received Import Request.
  Time since last request: 0.000026 seconds.
  path: Assets/RW/Models/Hay Machine Red.fbx
  artifactKey: Guid(b4f50c31a0c63154ca4085fca6898cbb) Importer(2089858483,0ecaa5967403d082aa24f35e1b516d23)
Start importing Assets/RW/Models/Hay Machine Red.fbx using Guid(b4f50c31a0c63154ca4085fca6898cbb) Importer(2089858483,0ecaa5967403d082aa24f35e1b516d23)  -> (artifact id: '3db7e0f8b77add062d30b076e9e051be') in 0.053974 seconds
Number of updated asset objects reloaded before import = 0
Number of asset objects unloaded after import = 7
========================================================================
Received Import Request.
  Time since last request: 0.000037 seconds.
  path: Assets/RW/Models/Ground.fbx
  artifactKey: Guid(6800250c0f0e6bf4a8f5cf0ab778ac9e) Importer(2089858483,0ecaa5967403d082aa24f35e1b516d23)
Start importing Assets/RW/Models/Ground.fbx using Guid(6800250c0f0e6bf4a8f5cf0ab778ac9e) Importer(2089858483,0ecaa5967403d082aa24f35e1b516d23)  -> (artifact id: '4cc9a91b126731656cb9c6201e20ae55') in 0.095225 seconds
Number of updated asset objects reloaded before import = 0
Number of asset objects unloaded after import = 39
========================================================================
Received Import Request.
  Time since last request: 0.000038 seconds.
  path: Assets/RW/Scripts/Managers/UIManager.cs
  artifactKey: Guid(a9576e8d505bb40fe881d0e4c792f940) Importer(2089858483,0ecaa5967403d082aa24f35e1b516d23)
Start importing Assets/RW/Scripts/Managers/UIManager.cs using Guid(a9576e8d505bb40fe881d0e4c792f940) Importer(2089858483,0ecaa5967403d082aa24f35e1b516d23)  -> (artifact id: 'f0e29f1a38085ab7a17498c69d0c07b9') in 0.035804 seconds
Number of updated asset objects reloaded before import = 0
Number of asset objects unloaded after import = 1
========================================================================
Received Import Request.
  Time since last request: 0.000047 seconds.
  path: Assets/RW/Scripts/Shared/GameSettings.cs
  artifactKey: Guid(eb9bd132eb2fd4550837c1bac65f5576) Importer(2089858483,0ecaa5967403d082aa24f35e1b516d23)
Start importing Assets/RW/Scripts/Shared/GameSettings.cs using Guid(eb9bd132eb2fd4550837c1bac65f5576) Importer(2089858483,0ecaa5967403d082aa24f35e1b516d23)  -> (artifact id: 'a16ae2aa5b7edb88929a88cfd481b2b1') in 0.034873 seconds
Number of updated asset objects reloaded before import = 0
Number of asset objects unloaded after import = 1
========================================================================
Received Import Request.
  Time since last request: 0.000785 seconds.
  path: Assets/RW/Scripts/Title/ChangeColorOnMouseOver.cs
  artifactKey: Guid(9d95409407c8a4151aab79874ffc83ca) Importer(2089858483,0ecaa5967403d082aa24f35e1b516d23)
Start importing Assets/RW/Scripts/Title/ChangeColorOnMouseOver.cs using Guid(9d95409407c8a4151aab79874ffc83ca) Importer(2089858483,0ecaa5967403d082aa24f35e1b516d23)  -> (artifact id: '2718c578f6a7100c19ef3e10c816b484') in 0.037427 seconds
Number of updated asset objects reloaded before import = 0
Number of asset objects unloaded after import = 1
========================================================================
Received Import Request.
  Time since last request: 0.000120 seconds.
  path: Assets/RW/Prefabs/Smoke Particles.prefab
  artifactKey: Guid(7928344c9a39fbd4eb4c957288e1140b) Importer(2089858483,0ecaa5967403d082aa24f35e1b516d23)
Start importing Assets/RW/Prefabs/Smoke Particles.prefab using Guid(7928344c9a39fbd4eb4c957288e1140b) Importer(2089858483,0ecaa5967403d082aa24f35e1b516d23)  -> (artifact id: '49d77405b1ec1d49bdc741a885effe80') in 0.206874 seconds
Number of updated asset objects reloaded before import = 0
Number of asset objects unloaded after import = 7
========================================================================
Received Import Request.
  Time since last request: 0.000037 seconds.
  path: Assets/RW/Prefabs/Title/Quit Button.prefab
  artifactKey: Guid(ceb8b54db18a85342890b94e2a7c4c2a) Importer(2089858483,0ecaa5967403d082aa24f35e1b516d23)
Start importing Assets/RW/Prefabs/Title/Quit Button.prefab using Guid(ceb8b54db18a85342890b94e2a7c4c2a) Importer(2089858483,0ecaa5967403d082aa24f35e1b516d23)  -> (artifact id: 'e401f5e5b046e9f6b8d20cbac032199b') in 0.033508 seconds
Number of updated asset objects reloaded before import = 0
Number of asset objects unloaded after import = 9
========================================================================
Received Import Request.
  Time since last request: 0.000037 seconds.
  path: Assets/RW/Models/Heart.fbx
  artifactKey: Guid(1a8b634e9a3c67346be354111823cd80) Importer(2089858483,0ecaa5967403d082aa24f35e1b516d23)
Start importing Assets/RW/Models/Heart.fbx using Guid(1a8b634e9a3c67346be354111823cd80) Importer(2089858483,0ecaa5967403d082aa24f35e1b516d23)  -> (artifact id: 'a1985f7a78af408ecea784b84cb9abc7') in 0.074642 seconds
Number of updated asset objects reloaded before import = 0
Number of asset objects unloaded after import = 7
========================================================================
Received Import Request.
  Time since last request: 0.000025 seconds.
  path: Assets/RW/Scenes/TitleSettings.lighting
  artifactKey: Guid(39a692a1773d5468382a1da4b7b6be6e) Importer(2089858483,0ecaa5967403d082aa24f35e1b516d23)
Start importing Assets/RW/Scenes/TitleSettings.lighting using Guid(39a692a1773d5468382a1da4b7b6be6e) Importer(2089858483,0ecaa5967403d082aa24f35e1b516d23)  -> (artifact id: 'a3bba5ed964fbdbec1374e7ce4ca7ad2') in 0.069281 seconds
Number of updated asset objects reloaded before import = 0
Number of asset objects unloaded after import = 1
========================================================================
Received Import Request.
  Time since last request: 0.000023 seconds.
  path: Assets/RW/Scripts/HayMachineControl.cs
  artifactKey: Guid(7815465c6b4784b688908cfa16635a86) Importer(2089858483,0ecaa5967403d082aa24f35e1b516d23)
Start importing Assets/RW/Scripts/HayMachineControl.cs using Guid(7815465c6b4784b688908cfa16635a86) Importer(2089858483,0ecaa5967403d082aa24f35e1b516d23)  -> (artifact id: '73afbd3f7ea623dc818821350209c72d') in 0.037537 seconds
Number of updated asset objects reloaded before import = 0
Number of asset objects unloaded after import = 1
========================================================================
Received Import Request.
  Time since last request: 0.000026 seconds.
  path: Assets/RW/Scripts/Managers/GameStateManager.cs
  artifactKey: Guid(ade775c4afc6a46078558c1914781b25) Importer(2089858483,0ecaa5967403d082aa24f35e1b516d23)
Start importing Assets/RW/Scripts/Managers/GameStateManager.cs using Guid(ade775c4afc6a46078558c1914781b25) Importer(2089858483,0ecaa5967403d082aa24f35e1b516d23)  -> (artifact id: '549ca80a39da664b42f3cd7415024d7d') in 0.037429 seconds
Number of updated asset objects reloaded before import = 0
Number of asset objects unloaded after import = 1
========================================================================
Received Import Request.
  Time since last request: 0.000034 seconds.
  path: Assets/RW/Materials/Shared.mat
  artifactKey: Guid(76192e63ebf2cc14fb4b84f132b5cff8) Importer(2089858483,0ecaa5967403d082aa24f35e1b516d23)
Start importing Assets/RW/Materials/Shared.mat using Guid(76192e63ebf2cc14fb4b84f132b5cff8) Importer(2089858483,0ecaa5967403d082aa24f35e1b516d23)  -> (artifact id: 'cba226a0c4c03865c92769df286c5318') in 0.227238 seconds
Number of updated asset objects reloaded before import = 0
Number of asset objects unloaded after import = 2
========================================================================
Received Import Request.
  Time since last request: 0.000034 seconds.
  path: Assets/RW/Models/Hay Machine Yellow.fbx
  artifactKey: Guid(0a87953750e4d784690043bdd32b94d9) Importer(2089858483,0ecaa5967403d082aa24f35e1b516d23)
Start importing Assets/RW/Models/Hay Machine Yellow.fbx using Guid(0a87953750e4d784690043bdd32b94d9) Importer(2089858483,0ecaa5967403d082aa24f35e1b516d23)  -> (artifact id: '7d2c9763dd9a00712520949abb2c461d') in 0.053406 seconds
Number of updated asset objects reloaded before import = 0
Number of asset objects unloaded after import = 7
========================================================================
Received Import Request.
  Time since last request: 0.000021 seconds.
  path: Assets/RW/Scripts/Rotate.cs
  artifactKey: Guid(8541239492aa7451f8beaffd66ee43a5) Importer(2089858483,0ecaa5967403d082aa24f35e1b516d23)
Start importing Assets/RW/Scripts/Rotate.cs using Guid(8541239492aa7451f8beaffd66ee43a5) Importer(2089858483,0ecaa5967403d082aa24f35e1b516d23)  -> (artifact id: 'ac8ec8f5e81b131044b7d95033629524') in 0.033064 seconds
Number of updated asset objects reloaded before import = 0
Number of asset objects unloaded after import = 1
========================================================================
Received Import Request.
  Time since last request: 0.000052 seconds.
  path: Assets/RW/Models/Hay Machine Blue.fbx
  artifactKey: Guid(0d729ea02e055de449c21c288a41bb32) Importer(2089858483,0ecaa5967403d082aa24f35e1b516d23)
Start importing Assets/RW/Models/Hay Machine Blue.fbx using Guid(0d729ea02e055de449c21c288a41bb32) Importer(2089858483,0ecaa5967403d082aa24f35e1b516d23)  -> (artifact id: 'b869f7675e48d1f6d0f95d8357e737a4') in 0.062614 seconds
Number of updated asset objects reloaded before import = 0
Number of asset objects unloaded after import = 7
========================================================================
Received Import Request.
  Time since last request: 0.000463 seconds.
  path: Assets/RW/Scripts/Shared/HayMachineColor.cs
  artifactKey: Guid(1e56ff592892649ff80d8ec5343d8a39) Importer(2089858483,0ecaa5967403d082aa24f35e1b516d23)
Start importing Assets/RW/Scripts/Shared/HayMachineColor.cs using Guid(1e56ff592892649ff80d8ec5343d8a39) Importer(2089858483,0ecaa5967403d082aa24f35e1b516d23)  -> (artifact id: 'edb3610aed8d9e19cb2b0f3048b12df3') in 0.033157 seconds
Number of updated asset objects reloaded before import = 0
Number of asset objects unloaded after import = 1
========================================================================
Received Import Request.
  Time since last request: 0.000088 seconds.
  path: Assets/RW/Music/Flying Kerfuffle.mp3
  artifactKey: Guid(99b18eec24ce44a449fa10d357d31988) Importer(2089858483,0ecaa5967403d082aa24f35e1b516d23)
Start importing Assets/RW/Music/Flying Kerfuffle.mp3 using Guid(99b18eec24ce44a449fa10d357d31988) Importer(2089858483,0ecaa5967403d082aa24f35e1b516d23)  -> (artifact id: '28ebf736cb3e4d772b92550b3aa6074a') in 0.106529 seconds
Number of updated asset objects reloaded before import = 0
Number of asset objects unloaded after import = 1
========================================================================
Received Import Request.
  Time since last request: 0.000035 seconds.
  path: Assets/RW/Prefabs/Title/Start Button.prefab
  artifactKey: Guid(8518085896b53be49b1eedb4c15d53c2) Importer(2089858483,0ecaa5967403d082aa24f35e1b516d23)
Start importing Assets/RW/Prefabs/Title/Start Button.prefab using Guid(8518085896b53be49b1eedb4c15d53c2) Importer(2089858483,0ecaa5967403d082aa24f35e1b516d23)  -> (artifact id: 'a45438294be7d91dfe3bbac7ee5f5d93') in 0.044615 seconds
Number of updated asset objects reloaded before import = 0
Number of asset objects unloaded after import = 9
========================================================================
Received Import Request.
  Time since last request: 0.000046 seconds.
  path: Assets/RW/Scripts/Managers/SoundManager.cs
  artifactKey: Guid(e9d9f2d3ab2cf44f2ac567fd8d72ca6c) Importer(2089858483,0ecaa5967403d082aa24f35e1b516d23)
Start importing Assets/RW/Scripts/Managers/SoundManager.cs using Guid(e9d9f2d3ab2cf44f2ac567fd8d72ca6c) Importer(2089858483,0ecaa5967403d082aa24f35e1b516d23)  -> (artifact id: 'ea617621810f6766b21d09c3e7e92ddb') in 0.039775 seconds
Number of updated asset objects reloaded before import = 0
Number of asset objects unloaded after import = 1
========================================================================
Received Import Request.
  Time since last request: 0.000040 seconds.
  path: Assets/RW/Scripts/Title/StartButton.cs
  artifactKey: Guid(01ed77b9e5e664ed2b413d8babfbb5c8) Importer(2089858483,0ecaa5967403d082aa24f35e1b516d23)
Start importing Assets/RW/Scripts/Title/StartButton.cs using Guid(01ed77b9e5e664ed2b413d8babfbb5c8) Importer(2089858483,0ecaa5967403d082aa24f35e1b516d23)  -> (artifact id: '66c123a3aa3ab2d033add5c221b70ab6') in 0.380407 seconds
Number of updated asset objects reloaded before import = 0
Number of asset objects unloaded after import = 1
========================================================================
Received Import Request.
  Time since last request: 0.000407 seconds.
  path: Assets/RW/Scripts/Sheep.cs
  artifactKey: Guid(fc1bc2f074ca44734b6fb64314e31076) Importer(2089858483,0ecaa5967403d082aa24f35e1b516d23)
Start importing Assets/RW/Scripts/Sheep.cs using Guid(fc1bc2f074ca44734b6fb64314e31076) Importer(2089858483,0ecaa5967403d082aa24f35e1b516d23)  -> (artifact id: '3a3d3bb0eca72a7876c55a8618ddd952') in 0.033787 seconds
Number of updated asset objects reloaded before import = 0
Number of asset objects unloaded after import = 1
========================================================================
Received Import Request.
  Time since last request: 0.000031 seconds.
  path: Assets/RW/Models/Start Button.fbx
  artifactKey: Guid(120a8a37d61a56342833a113d69f20ec) Importer(2089858483,0ecaa5967403d082aa24f35e1b516d23)
Start importing Assets/RW/Models/Start Button.fbx using Guid(120a8a37d61a56342833a113d69f20ec) Importer(2089858483,0ecaa5967403d082aa24f35e1b516d23)  -> (artifact id: '6997085dde232a09c931c544ba8583cc') in 0.067823 seconds
Number of updated asset objects reloaded before import = 0
Number of asset objects unloaded after import = 7
========================================================================
Received Import Request.
  Time since last request: 0.000020 seconds.
  path: Assets/RW/Prefabs/Scenery/Ground.prefab
  artifactKey: Guid(fca26d3bba1898f4396e3c3a760c289e) Importer(2089858483,0ecaa5967403d082aa24f35e1b516d23)
Start importing Assets/RW/Prefabs/Scenery/Ground.prefab using Guid(fca26d3bba1898f4396e3c3a760c289e) Importer(2089858483,0ecaa5967403d082aa24f35e1b516d23)  -> (artifact id: '66594f5b549852fb70fc128ebbfcedd3') in 0.047678 seconds
Number of updated asset objects reloaded before import = 0
Number of asset objects unloaded after import = 41
========================================================================
Received Import Request.
  Time since last request: 0.000024 seconds.
  path: Assets/RW/Scripts/Title/QuitButton.cs
  artifactKey: Guid(caba2f7e1f3b14beda4553a24887cdee) Importer(2089858483,0ecaa5967403d082aa24f35e1b516d23)
Start importing Assets/RW/Scripts/Title/QuitButton.cs using Guid(caba2f7e1f3b14beda4553a24887cdee) Importer(2089858483,0ecaa5967403d082aa24f35e1b516d23)  -> (artifact id: 'b73c55d4517ff89d0719f0b476c56909') in 0.035921 seconds
Number of updated asset objects reloaded before import = 0
Number of asset objects unloaded after import = 1
========================================================================
Received Import Request.
  Time since last request: 0.000151 seconds.
  path: Assets/RW/Sounds/SheepDropped.wav
  artifactKey: Guid(d396aafd153ba394982f2aa1349363de) Importer(2089858483,0ecaa5967403d082aa24f35e1b516d23)
Start importing Assets/RW/Sounds/SheepDropped.wav using Guid(d396aafd153ba394982f2aa1349363de) Importer(2089858483,0ecaa5967403d082aa24f35e1b516d23)  -> (artifact id: 'a30eb87bef94940d7937c8c5bf45412e') in 0.079139 seconds
Number of updated asset objects reloaded before import = 0
Number of asset objects unloaded after import = 1
========================================================================
Received Import Request.
  Time since last request: 0.000027 seconds.
  path: Assets/RW/Scripts/TweenScale.cs
  artifactKey: Guid(3f1c47ca3c6794ef7b5eda51fe895526) Importer(2089858483,0ecaa5967403d082aa24f35e1b516d23)
Start importing Assets/RW/Scripts/TweenScale.cs using Guid(3f1c47ca3c6794ef7b5eda51fe895526) Importer(2089858483,0ecaa5967403d082aa24f35e1b516d23)  -> (artifact id: '7631048db3a11b2d837233163110f1a3') in 0.035352 seconds
Number of updated asset objects reloaded before import = 0
Number of asset objects unloaded after import = 1
========================================================================
Received Import Request.
  Time since last request: 0.000095 seconds.
  path: Assets/RW/Scripts/DestroySheep.cs
  artifactKey: Guid(21779bc025444446dadd25d65ee5d7dc) Importer(2089858483,0ecaa5967403d082aa24f35e1b516d23)
Start importing Assets/RW/Scripts/DestroySheep.cs using Guid(21779bc025444446dadd25d65ee5d7dc) Importer(2089858483,0ecaa5967403d082aa24f35e1b516d23)  -> (artifact id: '1783993640a0e12d04e3a05b2b1fe6d4') in 0.042464 seconds
Number of updated asset objects reloaded before import = 0
Number of asset objects unloaded after import = 1
========================================================================
Received Prepare
Begin MonoManager ReloadAssembly
- Loaded All Assemblies, in  0.695 seconds
Refreshing native plugins compatible for Editor in 4.84 ms, found 2 plugins.
Native extension for WindowsStandalone target not found
[Package Manager] Server::EnsureServerProcessIsRunning -- launch failed, reason: Unity was launched with the -noUpm command-line argument
[Package Manager] UpmClient::Send -- Unable to send message (not connected to UPM process).
[Package Manager] Cannot connect to Unity Package Manager local server
Mono: successfully reloaded assembly
- Finished resetting the current domain, in  2.188 seconds
Domain Reload Profiling: 2876ms
	BeginReloadAssembly (269ms)
		ExecutionOrderSort (0ms)
		DisableScriptedObjects (8ms)
		BackupInstance (0ms)
		ReleaseScriptingObjects (0ms)
		CreateAndSetChildDomain (47ms)
	RebuildCommonClasses (63ms)
	RebuildNativeTypeToScriptingClass (25ms)
	initialDomainReloadingComplete (62ms)
	LoadAllAssembliesAndSetupDomain (269ms)
		LoadAssemblies (419ms)
		RebuildTransferFunctionScriptingTraits (0ms)
		AnalyzeDomain (17ms)
			TypeCache.Refresh (7ms)
				TypeCache.ScanAssembly (0ms)
			ScanForSourceGeneratedMonoScriptInfo (0ms)
			ResolveRequiredComponents (7ms)
	FinalizeReload (2189ms)
		ReleaseScriptCaches (0ms)
		RebuildScriptCaches (0ms)
		SetupLoadedEditorAssemblies (1326ms)
			LogAssemblyErrors (0ms)
			InitializePlatformSupportModulesInManaged (25ms)
			SetLoadedEditorAssemblies (10ms)
			RefreshPlugins (0ms)
			BeforeProcessingInitializeOnLoad (173ms)
			ProcessInitializeOnLoadAttributes (1034ms)
			ProcessInitializeOnLoadMethodAttributes (55ms)
			AfterProcessingInitializeOnLoad (28ms)
			EditorAssembliesLoaded (0ms)
		ExecutionOrderSort2 (0ms)
		AwakeInstancesAfterBackupRestoration (25ms)
Refreshing native plugins compatible for Editor in 6.35 ms, found 2 plugins.
Preloading 0 native plugins for Editor in 0.00 ms.
Unloading 1424 Unused Serialized files (Serialized files now loaded: 0)
Unloading 16 unused Assets / (27.9 KB). Loaded Objects now: 1903.
Memory consumption went from 82.8 MB to 82.8 MB.
Total: 7.026400 ms (FindLiveObjects: 0.468900 ms CreateObjectMapping: 0.179600 ms MarkObjects: 6.288800 ms  DeleteObjects: 0.086400 ms)

Prepare: number of updated asset objects reloaded= 0
AssetImportParameters requested are different than current active one (requested -> active):
  custom:video-encoder-webm-vp8: eb34c28f22e8b96e1ab97ce403110664 -> 
  custom:video-decoder-webm-vp8: 9c59270c3fd7afecdb556c50c9e8de78 -> 
  custom:audio-decoder-ogg-vorbis: bf7c407c2cedff20999df2af8eb42d56 -> 
  custom:SearchIndexIgnoredProperties: e643bd26f0fe6173181afceb89e7c659 -> 
  custom:container-demuxer-ogg: 62fdf1f143b41e24485cea50d1cbac27 -> 
  custom:AudioImporter_EditorPlatform: d09bf68614088b80899f8185d706f6e7 -> 
  custom:CustomObjectIndexerAttribute: 9a22284fe3817be447336de3de66b15e -> 
  custom:container-demuxer-webm: 4f35f7cbe854078d1ac9338744f61a02 -> 
  custom:video-codec-MediaFoundation-h265: 746d11721c4dcdbdad8f713fa42b33f4 -> 
  custom:video-decoder-ogg-theora: a1e56fd34408186e4bbccfd4996cb3dc -> 
  custom:audio-encoder-webm-vorbis: bf7c407c2cedff20999df2af8eb42d56 -> 
  custom:framework-win-MediaFoundation: 216162199b28c13a410421893ffa2e32 -> 
  custom:container-muxer-webm: aa71ff27fc2769a1b78a27578f13a17b -> 
